<?xml version="1.0" encoding="UTF-8"?>
<!-- Generated by org.testng.reporters.JUnitReportReporter -->
<testsuite hostname="user-PC" failures="0" tests="1" name="price.Hightolow" time="4.402" errors="0" timestamp="2022-11-21T20:26:36 AST" skipped="0">
  <testcase classname="price.Hightolow" name="sorting" time="4.402"/>
  <system-out/>
</testsuite> <!-- price.Hightolow -->
