<?xml version="1.0" encoding="UTF-8"?>
<!-- Generated by org.testng.reporters.JUnitReportReporter -->
<testsuite hostname="user-PC" failures="0" tests="1" name="price.Lowtohigh" time="1.821" errors="0" timestamp="2022-11-18T21:55:46 AST" skipped="0">
  <testcase classname="price.Lowtohigh" name="sort" time="1.821"/>
  <system-out/>
</testsuite> <!-- price.Lowtohigh -->
